
Showing logs for build [32mcb-kubecd-bdd-gh-1568821185-pr-1[0m stage [32mmeta-pipeline[0m and container [32mstep-credential-initializer-xnp8d[0m
{"level":"warn","ts":1568821892.2850091,"logger":"fallback-logger","caller":"logging/config.go:69","msg":"Fetch GitHub commit ID from kodata failed: \"ref: refs/heads/master\" is not a valid GitHub commit ID"}
{"level":"info","ts":1568821892.2855606,"logger":"fallback-logger","caller":"creds-init/main.go:40","msg":"Credentials initialized."}

Showing logs for build [32mcb-kubecd-bdd-gh-1568821185-pr-1[0m stage [32mmeta-pipeline[0m and container [32mstep-working-dir-initializer-x2cjl[0m
{"level":"warn","ts":1568821893.3676436,"logger":"fallback-logger","caller":"logging/config.go:69","msg":"Fetch GitHub commit ID from kodata failed: open /var/run/ko/HEAD: no such file or directory"}
{"level":"info","ts":1568821893.3688176,"logger":"fallback-logger","caller":"bash/main.go:65","msg":"Successfully executed command \"mkdir -p /workspace/source\""}

Showing logs for build [32mcb-kubecd-bdd-gh-1568821185-pr-1[0m stage [32mmeta-pipeline[0m and container [32mstep-place-tools[0m

Showing logs for build [32mcb-kubecd-bdd-gh-1568821185-pr-1[0m stage [32mmeta-pipeline[0m and container [32mstep-git-source-meta-cb-kubecd-bdd-gh-156882118-g2gtl[0m
{"level":"warn","ts":1568821899.500591,"logger":"fallback-logger","caller":"logging/config.go:69","msg":"Fetch GitHub commit ID from kodata failed: \"ref: refs/heads/master\" is not a valid GitHub commit ID"}
{"level":"info","ts":1568821900.5983753,"logger":"fallback-logger","caller":"git/git.go:102","msg":"Successfully cloned https://github.com/cb-kubecd/bdd-gh-1568821185.git @ 2808e29e26bf9e3ef36c9fd394cd8956aef97de2 in path /workspace/source"}

Showing logs for build [32mcb-kubecd-bdd-gh-1568821185-pr-1[0m stage [32mmeta-pipeline[0m and container [32mstep-git-merge[0m
Using SHAs from PULL_REFS=master:2808e29e26bf9e3ef36c9fd394cd8956aef97de2,1:cd3eed44ba9771cdbc412f3fcded6336d846d101
DEBUG: ran git fetch --unshallow origin cd3eed44ba9771cdbc412f3fcded6336d846d101: 2808e29e26bf9e3ef36c9fd394cd8956aef97de2: in 
DEBUG: ran git checkout master in 
DEBUG: ran git reset --hard 2808e29e26bf9e3ef36c9fd394cd8956aef97de2 in 
DEBUG: ran clean --force -d . in 
DEBUG: ran git merge cd3eed44ba9771cdbc412f3fcded6336d846d101 in 
Merged SHA cd3eed44ba9771cdbc412f3fcded6336d846d101 with commit message 'My first PR commit' into base branch master

Showing logs for build [32mcb-kubecd-bdd-gh-1568821185-pr-1[0m stage [32mmeta-pipeline[0m and container [32mstep-merge-pull-refs[0m
DEBUG: ran git fetch origin cd3eed44ba9771cdbc412f3fcded6336d846d101: 2808e29e26bf9e3ef36c9fd394cd8956aef97de2: in 
DEBUG: Unshallowed git repo in 
DEBUG: ran git checkout master in 
DEBUG: ran git reset --hard 2808e29e26bf9e3ef36c9fd394cd8956aef97de2 in 
DEBUG: ran clean --force -d . in 
DEBUG: ran git merge cd3eed44ba9771cdbc412f3fcded6336d846d101 in 
Merged SHA cd3eed44ba9771cdbc412f3fcded6336d846d101 with commit message 'My first PR commit' into base branch master

Showing logs for build [32mcb-kubecd-bdd-gh-1568821185-pr-1[0m stage [32mmeta-pipeline[0m and container [32mstep-create-effective-pipeline[0m
Deleting and cloning the Jenkins X versions repo
Cloning the Jenkins X versions repo https://github.com/jenkins-x/jenkins-x-versions.git with ref refs/heads/master to /builder/home/.**/jenkins-x-versions
Effective pipeline written to jenkins-x-serverless-jenkins-effective.yml

Showing logs for build [32mcb-kubecd-bdd-gh-1568821185-pr-1[0m stage [32mmeta-pipeline[0m and container [32mstep-create-tekton-crds[0m
PipelineActivity for cb-kubecd-bdd-gh-1568821185-PR-1-1
Applying changes 
upserted PipelineResource cb-kubecd-bdd-gh-1568821185-pr for the git repository https://github.com/cb-kubecd/bdd-gh-1568821185.git
upserted Task cb-kubecd-bdd-gh-1568821185-pr-from-build-pack-1
upserted Pipeline cb-kubecd-bdd-gh-1568821185-pr-1
created PipelineRun cb-kubecd-bdd-gh-1568821185-pr-1
created PipelineStructure cb-kubecd-bdd-gh-1568821185-pr-1

Showing logs for build [32mcb-kubecd-bdd-gh-1568821185-pr-1[0m stage [32mfrom-build-pack[0m and container [32mstep-credential-initializer-9h8xx[0m
{"level":"warn","ts":1568821912.5959668,"logger":"fallback-logger","caller":"logging/config.go:69","msg":"Fetch GitHub commit ID from kodata failed: \"ref: refs/heads/master\" is not a valid GitHub commit ID"}
{"level":"info","ts":1568821912.5964139,"logger":"fallback-logger","caller":"creds-init/main.go:40","msg":"Credentials initialized."}

Showing logs for build [32mcb-kubecd-bdd-gh-1568821185-pr-1[0m stage [32mfrom-build-pack[0m and container [32mstep-working-dir-initializer-x4f2m[0m
{"level":"warn","ts":1568821913.0894039,"logger":"fallback-logger","caller":"logging/config.go:69","msg":"Fetch GitHub commit ID from kodata failed: open /var/run/ko/HEAD: no such file or directory"}
{"level":"info","ts":1568821913.092867,"logger":"fallback-logger","caller":"bash/main.go:65","msg":"Successfully executed command \"mkdir -p /workspace/source /workspace/source/charts/preview\""}

Showing logs for build [32mcb-kubecd-bdd-gh-1568821185-pr-1[0m stage [32mfrom-build-pack[0m and container [32mstep-place-tools[0m

Showing logs for build [32mcb-kubecd-bdd-gh-1568821185-pr-1[0m stage [32mfrom-build-pack[0m and container [32mstep-git-source-cb-kubecd-bdd-gh-1568821185-pr-97zj8[0m
{"level":"warn","ts":1568821919.3106492,"logger":"fallback-logger","caller":"logging/config.go:69","msg":"Fetch GitHub commit ID from kodata failed: \"ref: refs/heads/master\" is not a valid GitHub commit ID"}
{"level":"info","ts":1568821920.343541,"logger":"fallback-logger","caller":"git/git.go:102","msg":"Successfully cloned https://github.com/cb-kubecd/bdd-gh-1568821185.git @ master in path /workspace/source"}

Showing logs for build [32mcb-kubecd-bdd-gh-1568821185-pr-1[0m stage [32mfrom-build-pack[0m and container [32mstep-git-merge[0m
Using SHAs from PULL_REFS=master:2808e29e26bf9e3ef36c9fd394cd8956aef97de2,1:cd3eed44ba9771cdbc412f3fcded6336d846d101
DEBUG: ran git fetch --unshallow origin cd3eed44ba9771cdbc412f3fcded6336d846d101: 2808e29e26bf9e3ef36c9fd394cd8956aef97de2: in 
DEBUG: ran git checkout master in 
DEBUG: ran git reset --hard 2808e29e26bf9e3ef36c9fd394cd8956aef97de2 in 
DEBUG: ran clean --force -d . in 
DEBUG: ran git merge cd3eed44ba9771cdbc412f3fcded6336d846d101 in 
Merged SHA cd3eed44ba9771cdbc412f3fcded6336d846d101 with commit message 'My first PR commit' into base branch master

Showing logs for build [32mcb-kubecd-bdd-gh-1568821185-pr-1[0m stage [32mfrom-build-pack[0m and container [32mstep-build-make-linux[0m
CGO_ENABLED=0 GOOS=linux GOARCH=amd64 GO15VENDOREXPERIMENT=1 go build -ldflags '' -o bin/bdd-gh-1568821185 main.go

Showing logs for build [32mcb-kubecd-bdd-gh-1568821185-pr-1[0m stage [32mfrom-build-pack[0m and container [32mstep-build-container-build[0m
[36mINFO[0m[0000] No base image, nothing to extract            
[36mINFO[0m[0000] cmd: EXPOSE                                  
[36mINFO[0m[0000] Adding exposed port: 8080/tcp                
[36mINFO[0m[0000] Using files from context: [/workspace/source/bin] 
[36mINFO[0m[0000] Skipping unpacking as no commands require it. 
[36mINFO[0m[0000] Taking snapshot of full filesystem...        
[36mINFO[0m[0000] EXPOSE 8080                                  
[36mINFO[0m[0000] cmd: EXPOSE                                  
[36mINFO[0m[0000] Adding exposed port: 8080/tcp                
[36mINFO[0m[0000] No files changed in this command, skipping snapshotting. 
[36mINFO[0m[0000] ENTRYPOINT ["/bdd-gh-1568821185"]            
[36mINFO[0m[0000] No files changed in this command, skipping snapshotting. 
[36mINFO[0m[0000] Using files from context: [/workspace/source/bin] 
[36mINFO[0m[0000] COPY ./bin/ /                                
[36mINFO[0m[0000] Taking snapshot of files...                  
2019/09/18 15:52:12 pushed blob: sha256:fb94ca069e98a86cf3eb724b11e2ef5016bf7f311ab19421183769860c9770e2
2019/09/18 15:52:12 pushed blob: sha256:f75c5765d78c1c42f815494c9d76ef80aa797dd8067ffd43cd8227afe4721499
2019/09/18 15:52:14 gcr.io/jenkins-x-bdd3/bdd-gh-1568821185:0.0.0-SNAPSHOT-PR-1-1: digest: sha256:78fa565a14d87de2969e2ab42da755100fc0e95273ff4c0221f9cbad30ace489 size: 428

Showing logs for build [32mcb-kubecd-bdd-gh-1568821185-pr-1[0m stage [32mfrom-build-pack[0m and container [32mstep-postbuild-post-build[0m
no CVE provider running in the current ** namespace so skip adding image to be analysed

Showing logs for build [32mcb-kubecd-bdd-gh-1568821185-pr-1[0m stage [32mfrom-build-pack[0m and container [32mstep-promote-make-preview[0m
sed -i -e "s/version:.*/version: 0.0.0-SNAPSHOT-PR-1-1/" Chart.yaml
sed -i -e "s/version:.*/version: 0.0.0-SNAPSHOT-PR-1-1/" ../*/Chart.yaml
sed -i -e "s|repository:.*|repository: gcr.io\/jenkins-x-bdd3\/bdd-gh-1568821185|" values.yaml
sed -i -e "s/tag:.*/tag: 0.0.0-SNAPSHOT-PR-1-1/" values.yaml
echo "  version: 0.0.0-SNAPSHOT-PR-1-1" >> requirements.yaml
** step helm build
WARNING: No $CHART_REPOSITORY defined so using the default value of: http://jenkins-x-chartmuseum:8080
Adding missing Helm repo: storage.googleapis.com https://storage.googleapis.com/chartmuseum.jenkins-x.io
Successfully added Helm repository storage.googleapis.com.
Adding missing Helm repo: jenkins-x-chartmuseum http://jenkins-x-chartmuseum:8080
Successfully added Helm repository jenkins-x-chartmuseum.
WARNING: No $CHART_REPOSITORY defined so using the default value of: http://jenkins-x-chartmuseum:8080
Adding missing Helm repo: chartmuseum.jenkins-x.io http://chartmuseum.jenkins-x.io
Successfully added Helm repository chartmuseum.jenkins-x.io.

Showing logs for build [32mcb-kubecd-bdd-gh-1568821185-pr-1[0m stage [32mfrom-build-pack[0m and container [32mstep-promote-jx-preview[0m
Creating a preview
WARNING: No author for commit: cd3eed44ba9771cdbc412f3fcded6336d846d101
Created environment cb-kubecd-bdd-gh-1568821185-pr-1
Namespace **-cb-kubecd-bdd-gh-1568821185-pr-1 created 
expose:
  Annotations:
    helm.sh/hook: post-install,post-upgrade
    helm.sh/hook-delete-policy: hook-succeeded
  config:
    domain: 35.240.106.239.nip.io
    exposer: Ingress
    http: "true"
preview:
  image:
    repository: gcr.io/jenkins-x-bdd3/bdd-gh-1568821185
    tag: 0.0.0-SNAPSHOT-PR-1-1
Deleting and cloning the Jenkins X versions repo
Cloning the Jenkins X versions repo https://github.com/jenkins-x/jenkins-x-versions.git with ref refs/heads/master to /builder/home/.**/jenkins-x-versions


Updating PipelineActivities cb-kubecd-bdd-gh-1568821185-pr-1-1 which has status Running
WARNING: preview application http://bdd-gh-1568821185.**-cb-kubecd-bdd-gh-1568821185-pr-1.35.240.106.239.nip.io not available, error was 503 503 Service Temporarily Unavailable, delaying for: 1.252573036s
WARNING: preview application http://bdd-gh-1568821185.**-cb-kubecd-bdd-gh-1568821185-pr-1.35.240.106.239.nip.io not available, error was 503 503 Service Temporarily Unavailable, delaying for: 1.795078749s
WARNING: preview application http://bdd-gh-1568821185.**-cb-kubecd-bdd-gh-1568821185-pr-1.35.240.106.239.nip.io not available, error was 503 503 Service Temporarily Unavailable, delaying for: 1.481238625s
Preview application is now available at: http://bdd-gh-1568821185.**-cb-kubecd-bdd-gh-1568821185-pr-1.35.240.106.239.nip.io
